{
  "RSpec": {
    "coverage": {
      "/Volumes/An's HDD/Documents/Codecore_Bootcamp/day19/fundsy/spec/support/login_helpers.rb": [
        1,
        null,
        1,
        null,
        9,
        null,
        null
      ],
      "/Volumes/An's HDD/Documents/Codecore_Bootcamp/day19/fundsy/app/controllers/campaigns_controller.rb": [
        1,
        null,
        1,
        1,
        null,
        1,
        2,
        null,
        null,
        1,
        6,
        6,
        6,
        3,
        3,
        null,
        3,
        3,
        null,
        null,
        null,
        1,
        null,
        null,
        null,
        null,
        1,
        7,
        null,
        null,
        1,
        null,
        null,
        1,
        null,
        null,
        null,
        6,
        6,
        3,
        null,
        3,
        3,
        null,
        null,
        null,
        1,
        null,
        3,
        0,
        null,
        null,
        1,
        null,
        1,
        12,
        null,
        null,
        1,
        12,
        null,
        null,
        1,
        3,
        null,
        null
      ],
      "/Volumes/An's HDD/Documents/Codecore_Bootcamp/day19/fundsy/app/controllers/application_controller.rb": [
        1,
        null,
        null,
        1,
        null,
        1,
        11,
        null,
        null,
        1,
        null,
        null,
        15,
        null,
        1,
        null,
        1,
        25,
        null,
        1,
        null
      ],
      "/Volumes/An's HDD/Documents/Codecore_Bootcamp/day19/fundsy/spec/controllers/pledges_controller_spec.rb": [
        1,
        null,
        1,
        null,
        7,
        7,
        4,
        2,
        1,
        1,
        1,
        1,
        null,
        null,
        null,
        1,
        null,
        null,
        null,
        1,
        null,
        1,
        2,
        null,
        null,
        1,
        1,
        2,
        null,
        null,
        null,
        1,
        1,
        1,
        1,
        1,
        null,
        null,
        1,
        null,
        null,
        null,
        1,
        1,
        null,
        null,
        1,
        1,
        null,
        null,
        null,
        1,
        null,
        null,
        null,
        null,
        null,
        1,
        1,
        1,
        1,
        1,
        null,
        null,
        null,
        1,
        1,
        3,
        null,
        null,
        1,
        1,
        1,
        1,
        1,
        1,
        1,
        null,
        null,
        1,
        1,
        1,
        null,
        null,
        null,
        null,
        1,
        1,
        1,
        1,
        null,
        null,
        null,
        null,
        null,
        null
      ],
      "/Volumes/An's HDD/Documents/Codecore_Bootcamp/day19/fundsy/app/controllers/pledges_controller.rb": [
        1,
        null,
        1,
        null,
        1,
        2,
        2,
        2,
        2,
        2,
        2,
        null,
        null,
        1,
        3,
        2,
        2,
        2,
        null,
        null,
        1,
        null,
        1,
        2,
        null,
        null
      ],
      "/Volumes/An's HDD/Documents/Codecore_Bootcamp/day19/fundsy/spec/controllers/sessions_controller_spec.rb": [
        1,
        null,
        1,
        null,
        10,
        1,
        1,
        1,
        1,
        null,
        null,
        null,
        null,
        1,
        1,
        1,
        3,
        null,
        null,
        1,
        null,
        1,
        null,
        null,
        1,
        null,
        1,
        null,
        null,
        1,
        null,
        1,
        null,
        null,
        null,
        1,
        null,
        1,
        null,
        6,
        null,
        null,
        1,
        1,
        null,
        null,
        1,
        1,
        null,
        null,
        1,
        1,
        null,
        null,
        null,
        1,
        1,
        3,
        3,
        null,
        1,
        1,
        null,
        null,
        1,
        1,
        null,
        null,
        1,
        1,
        null,
        null,
        null
      ],
      "/Volumes/An's HDD/Documents/Codecore_Bootcamp/day19/fundsy/app/controllers/sessions_controller.rb": [
        1,
        1,
        null,
        null,
        1,
        11,
        11,
        4,
        4,
        null,
        7,
        7,
        null,
        null,
        null,
        1,
        3,
        3,
        3,
        null,
        null
      ],
      "/Volumes/An's HDD/Documents/Codecore_Bootcamp/day19/fundsy/spec/controllers/users_controller_spec.rb": [
        1,
        null,
        1,
        null,
        1,
        1,
        1,
        1,
        null,
        null,
        1,
        1,
        1,
        null,
        null,
        null,
        null,
        1,
        1,
        4,
        null,
        1,
        1,
        1,
        1,
        1,
        1,
        null,
        null,
        1,
        1,
        1,
        null,
        null,
        1,
        1,
        1,
        null,
        null,
        1,
        1,
        1,
        null,
        null,
        null,
        null,
        1,
        1,
        3,
        null,
        null,
        1,
        1,
        1,
        1,
        1,
        null,
        null,
        1,
        1,
        1,
        null,
        null,
        1,
        1,
        1,
        null,
        null,
        null,
        null,
        null,
        null
      ],
      "/Volumes/An's HDD/Documents/Codecore_Bootcamp/day19/fundsy/app/controllers/users_controller.rb": [
        1,
        null,
        1,
        4,
        null,
        null,
        1,
        7,
        7,
        4,
        4,
        null,
        3,
        3,
        null,
        null,
        null,
        1,
        null,
        1,
        7,
        null,
        null,
        null
      ],
      "/Volumes/An's HDD/Documents/Codecore_Bootcamp/day19/fundsy/spec/features/campaigns_spec.rb": [
        1,
        null,
        1,
        1,
        1,
        null,
        1,
        null,
        null,
        null,
        1,
        null,
        null,
        null,
        1,
        1,
        1,
        null,
        null,
        1,
        1,
        1,
        null,
        null,
        1,
        1,
        1,
        null,
        null,
        1,
        null,
        null,
        null
      ],
      "/Volumes/An's HDD/Documents/Codecore_Bootcamp/day19/fundsy/spec/features/sessions_spec.rb": [
        1,
        null,
        1,
        null,
        3,
        1,
        1,
        1,
        null,
        1,
        1,
        1,
        1,
        1,
        1,
        1,
        null,
        null,
        null,
        1,
        1,
        1,
        1,
        1,
        1,
        null,
        1,
        1,
        1,
        null,
        null,
        null
      ],
      "/Volumes/An's HDD/Documents/Codecore_Bootcamp/day19/fundsy/spec/features/users_spec.rb": [
        1,
        null,
        1,
        null,
        1,
        null,
        1,
        null,
        1,
        null,
        null,
        1,
        null,
        1,
        1,
        1,
        1,
        1,
        1,
        null,
        1,
        null,
        0,
        null,
        0,
        0,
        0,
        null,
        null,
        null,
        1,
        1,
        1,
        1,
        1,
        null,
        0,
        0,
        null,
        null,
        null,
        null
      ],
      "/Volumes/An's HDD/Documents/Codecore_Bootcamp/day19/fundsy/spec/helpers/pledges_helper_spec.rb": [
        1,
        null,
        null,
        null,
        null,
        null,
        null,
        null,
        null,
        null,
        null,
        null,
        1,
        null
      ],
      "/Volumes/An's HDD/Documents/Codecore_Bootcamp/day19/fundsy/spec/helpers/sessions_helper_spec.rb": [
        1,
        null,
        null,
        null,
        null,
        null,
        null,
        null,
        null,
        null,
        null,
        null,
        1,
        null
      ],
      "/Volumes/An's HDD/Documents/Codecore_Bootcamp/day19/fundsy/spec/helpers/users_helper_spec.rb": [
        1,
        null,
        null,
        null,
        null,
        null,
        null,
        null,
        null,
        null,
        null,
        null,
        1,
        null
      ],
      "/Volumes/An's HDD/Documents/Codecore_Bootcamp/day19/fundsy/spec/models/campaign_spec.rb": [
        1,
        null,
        1,
        null,
        null,
        1,
        null,
        null,
        null,
        1,
        null,
        1,
        null,
        1,
        null,
        1,
        null,
        null,
        1,
        null,
        1,
        null,
        1,
        null,
        1,
        null,
        null,
        null,
        null,
        1,
        null,
        1,
        null,
        1,
        null,
        1,
        null,
        null,
        1,
        null,
        1,
        1,
        null,
        1,
        null,
        1,
        null,
        null,
        null
      ],
      "/Volumes/An's HDD/Documents/Codecore_Bootcamp/day19/fundsy/app/models/campaign.rb": [
        1,
        null,
        null,
        1,
        1,
        null,
        1,
        1,
        null,
        null,
        1,
        1,
        null,
        null,
        null,
        null,
        null,
        null,
        null,
        null,
        null
      ],
      "/Volumes/An's HDD/Documents/Codecore_Bootcamp/day19/fundsy/spec/models/pledge_spec.rb": [
        1,
        null,
        1,
        null
      ],
      "/Volumes/An's HDD/Documents/Codecore_Bootcamp/day19/fundsy/app/models/pledge.rb": [
        1,
        1,
        1,
        null
      ],
      "/Volumes/An's HDD/Documents/Codecore_Bootcamp/day19/fundsy/spec/models/user_spec.rb": [
        1,
        null,
        1,
        null,
        1,
        1,
        null,
        1,
        null,
        1,
        null,
        1,
        null,
        null,
        1,
        1,
        1,
        1,
        null,
        null,
        1,
        1,
        1,
        1,
        null,
        null,
        1,
        null,
        null,
        null,
        null,
        null,
        null,
        null,
        1,
        null,
        null,
        null,
        1,
        1,
        null,
        null,
        1,
        null,
        null,
        null,
        1,
        1,
        1,
        1,
        null,
        1,
        1,
        1,
        null,
        null,
        null,
        1,
        1,
        1,
        1,
        null,
        null,
        null
      ],
      "/Volumes/An's HDD/Documents/Codecore_Bootcamp/day19/fundsy/app/models/user.rb": [
        1,
        null,
        1,
        null,
        1,
        1,
        null,
        1,
        1,
        null,
        1,
        5,
        null,
        null,
        null
      ]
    },
    "timestamp": 1457031937
  }
}
